<?xml version="1.0" encoding="UTF-8"?>
<!-- Generated by org.testng.reporters.JUnitReportReporter -->
<testsuite hostname="DESKTOP-35PH9VR" failures="0" tests="2" name="com.kavya.shoppingcart.LoginPageTest" time="1.213" errors="0" timestamp="2023-05-30T20:43:19 IST" skipped="0">
  <testcase classname="com.kavya.shoppingcart.LoginPageTest" name="verifyPageTitle" time="0.741"/>
  <system-out/>
  <testcase classname="com.kavya.shoppingcart.LoginPageTest" name="testLogin" time="0.472"/>
  <system-out/>
</testsuite> <!-- com.kavya.shoppingcart.LoginPageTest -->
