<?xml version="1.0" encoding="UTF-8"?>
<!-- Generated by org.testng.reporters.JUnitReportReporter -->
<testsuite hostname="DESKTOP-35PH9VR" failures="0" tests="6" name="com.kavya.shoppingcart.HomePageTest" time="2.901" errors="0" timestamp="2023-05-30T20:48:54 IST" skipped="0">
  <testcase classname="com.kavya.shoppingcart.HomePageTest" name="loginTest" time="0.692"/>
  <system-out/>
  <testcase classname="com.kavya.shoppingcart.HomePageTest" name="searchProduct" time="1.125"/>
  <system-out/>
  <testcase classname="com.kavya.shoppingcart.HomePageTest" name="homePageURLTest" time="0.002"/>
  <system-out/>
  <testcase classname="com.kavya.shoppingcart.HomePageTest" name="homePageTitleTest" time="0.193"/>
  <system-out/>
  <testcase classname="com.kavya.shoppingcart.HomePageTest" name="searchProduct" time="0.457"/>
  <system-out/>
  <testcase classname="com.kavya.shoppingcart.HomePageTest" name="searchProduct" time="0.432"/>
  <system-out/>
</testsuite> <!-- com.kavya.shoppingcart.HomePageTest -->
